[2022-12-07 05:18:45] production.ERROR: The /var/www/html/impact-eschool-erp-main/bootstrap/cache directory must be present and writable. {"exception":"[object] (Exception(code: 0): The /var/www/html/impact-eschool-erp-main/bootstrap/cache directory must be present and writable. at /var/www/html/impact-eschool-erp-main/vendor/laravel/framework/src/Illuminate/Foundation/PackageManifest.php:177)
[stacktrace]
#0 /var/www/html/impact-eschool-erp-main/vendor/laravel/framework/src/Illuminate/Foundation/PackageManifest.php(136): Illuminate\\Foundation\\PackageManifest->write()
#1 /var/www/html/impact-eschool-erp-main/vendor/laravel/framework/src/Illuminate/Foundation/PackageManifest.php(106): Illuminate\\Foundation\\PackageManifest->build()
#2 /var/www/html/impact-eschool-erp-main/vendor/laravel/framework/src/Illuminate/Foundation/PackageManifest.php(89): Illuminate\\Foundation\\PackageManifest->getManifest()
#3 /var/www/html/impact-eschool-erp-main/vendor/laravel/framework/src/Illuminate/Foundation/PackageManifest.php(78): Illuminate\\Foundation\\PackageManifest->config()
#4 /var/www/html/impact-eschool-erp-main/vendor/laravel/framework/src/Illuminate/Foundation/Bootstrap/RegisterFacades.php(26): Illuminate\\Foundation\\PackageManifest->aliases()
#5 /var/www/html/impact-eschool-erp-main/vendor/laravel/framework/src/Illuminate/Foundation/Application.php(237): Illuminate\\Foundation\\Bootstrap\\RegisterFacades->bootstrap()
#6 /var/www/html/impact-eschool-erp-main/vendor/laravel/framework/src/Illuminate/Foundation/Http/Kernel.php(153): Illuminate\\Foundation\\Application->bootstrapWith()
#7 /var/www/html/impact-eschool-erp-main/vendor/laravel/framework/src/Illuminate/Foundation/Http/Kernel.php(137): Illuminate\\Foundation\\Http\\Kernel->bootstrap()
#8 /var/www/html/impact-eschool-erp-main/vendor/laravel/framework/src/Illuminate/Foundation/Http/Kernel.php(111): Illuminate\\Foundation\\Http\\Kernel->sendRequestThroughRouter()
#9 /var/www/html/impact-eschool-erp-main/index.php(55): Illuminate\\Foundation\\Http\\Kernel->handle()
#10 {main}
"} 
[2022-12-07 05:19:20] production.ERROR: SQLSTATE[HY000] [1045] Access denied for user 'forge'@'localhost' (using password: YES) (SQL: select * from information_schema.tables where table_schema = forge and table_name = sm_languages and table_type = 'BASE TABLE') {"exception":"[object] (Illuminate\\Database\\QueryException(code: 1045): SQLSTATE[HY000] [1045] Access denied for user 'forge'@'localhost' (using password: YES) (SQL: select * from information_schema.tables where table_schema = forge and table_name = sm_languages and table_type = 'BASE TABLE') at /var/www/html/impact-eschool-erp-main/vendor/laravel/framework/src/Illuminate/Database/Connection.php:703)
[stacktrace]
#0 /var/www/html/impact-eschool-erp-main/vendor/laravel/framework/src/Illuminate/Database/Connection.php(663): Illuminate\\Database\\Connection->runQueryCallback()
#1 /var/www/html/impact-eschool-erp-main/vendor/laravel/framework/src/Illuminate/Database/Connection.php(367): Illuminate\\Database\\Connection->run()
#2 /var/www/html/impact-eschool-erp-main/vendor/laravel/framework/src/Illuminate/Database/Schema/MySqlBuilder.php(44): Illuminate\\Database\\Connection->select()
#3 /var/www/html/impact-eschool-erp-main/vendor/laravel/framework/src/Illuminate/Support/Facades/Facade.php(261): Illuminate\\Database\\Schema\\MySqlBuilder->hasTable()
#4 /var/www/html/impact-eschool-erp-main/app/Providers/TranslationServiceProvider.php(25): Illuminate\\Support\\Facades\\Facade::__callStatic()
#5 /var/www/html/impact-eschool-erp-main/vendor/laravel/framework/src/Illuminate/Container/BoundMethod.php(36): App\\Providers\\TranslationServiceProvider->boot()
#6 /var/www/html/impact-eschool-erp-main/vendor/laravel/framework/src/Illuminate/Container/Util.php(40): Illuminate\\Container\\BoundMethod::Illuminate\\Container\\{closure}()
#7 /var/www/html/impact-eschool-erp-main/vendor/laravel/framework/src/Illuminate/Container/BoundMethod.php(93): Illuminate\\Container\\Util::unwrapIfClosure()
#8 /var/www/html/impact-eschool-erp-main/vendor/laravel/framework/src/Illuminate/Container/BoundMethod.php(37): Illuminate\\Container\\BoundMethod::callBoundMethod()
#9 /var/www/html/impact-eschool-erp-main/vendor/laravel/framework/src/Illuminate/Container/Container.php(653): Illuminate\\Container\\BoundMethod::call()
#10 /var/www/html/impact-eschool-erp-main/vendor/laravel/framework/src/Illuminate/Foundation/Application.php(914): Illuminate\\Container\\Container->call()
#11 /var/www/html/impact-eschool-erp-main/vendor/laravel/framework/src/Illuminate/Foundation/Application.php(895): Illuminate\\Foundation\\Application->bootProvider()
#12 [internal function]: Illuminate\\Foundation\\Application->Illuminate\\Foundation\\{closure}()
#13 /var/www/html/impact-eschool-erp-main/vendor/laravel/framework/src/Illuminate/Foundation/Application.php(896): array_walk()
#14 /var/www/html/impact-eschool-erp-main/vendor/laravel/framework/src/Illuminate/Foundation/Bootstrap/BootProviders.php(17): Illuminate\\Foundation\\Application->boot()
#15 /var/www/html/impact-eschool-erp-main/vendor/laravel/framework/src/Illuminate/Foundation/Application.php(237): Illuminate\\Foundation\\Bootstrap\\BootProviders->bootstrap()
#16 /var/www/html/impact-eschool-erp-main/vendor/laravel/framework/src/Illuminate/Foundation/Http/Kernel.php(153): Illuminate\\Foundation\\Application->bootstrapWith()
#17 /var/www/html/impact-eschool-erp-main/vendor/laravel/framework/src/Illuminate/Foundation/Http/Kernel.php(137): Illuminate\\Foundation\\Http\\Kernel->bootstrap()
#18 /var/www/html/impact-eschool-erp-main/vendor/laravel/framework/src/Illuminate/Foundation/Http/Kernel.php(111): Illuminate\\Foundation\\Http\\Kernel->sendRequestThroughRouter()
#19 /var/www/html/impact-eschool-erp-main/index.php(55): Illuminate\\Foundation\\Http\\Kernel->handle()
#20 {main}

[previous exception] [object] (PDOException(code: 1045): SQLSTATE[HY000] [1045] Access denied for user 'forge'@'localhost' (using password: YES) at /var/www/html/impact-eschool-erp-main/vendor/laravel/framework/src/Illuminate/Database/Connectors/Connector.php:70)
[stacktrace]
#0 /var/www/html/impact-eschool-erp-main/vendor/laravel/framework/src/Illuminate/Database/Connectors/Connector.php(70): PDO->__construct()
#1 /var/www/html/impact-eschool-erp-main/vendor/laravel/framework/src/Illuminate/Database/Connectors/Connector.php(46): Illuminate\\Database\\Connectors\\Connector->createPdoConnection()
#2 /var/www/html/impact-eschool-erp-main/vendor/laravel/framework/src/Illuminate/Database/Connectors/MySqlConnector.php(24): Illuminate\\Database\\Connectors\\Connector->createConnection()
#3 /var/www/html/impact-eschool-erp-main/vendor/laravel/framework/src/Illuminate/Database/Connectors/ConnectionFactory.php(184): Illuminate\\Database\\Connectors\\MySqlConnector->connect()
#4 [internal function]: Illuminate\\Database\\Connectors\\ConnectionFactory->Illuminate\\Database\\Connectors\\{closure}()
#5 /var/www/html/impact-eschool-erp-main/vendor/laravel/framework/src/Illuminate/Database/Connection.php(1021): call_user_func()
#6 /var/www/html/impact-eschool-erp-main/vendor/laravel/framework/src/Illuminate/Database/Connection.php(1057): Illuminate\\Database\\Connection->getPdo()
#7 /var/www/html/impact-eschool-erp-main/vendor/laravel/framework/src/Illuminate/Database/Connection.php(433): Illuminate\\Database\\Connection->getReadPdo()
#8 /var/www/html/impact-eschool-erp-main/vendor/laravel/framework/src/Illuminate/Database/Connection.php(359): Illuminate\\Database\\Connection->getPdoForSelect()
#9 /var/www/html/impact-eschool-erp-main/vendor/laravel/framework/src/Illuminate/Database/Connection.php(696): Illuminate\\Database\\Connection->Illuminate\\Database\\{closure}()
#10 /var/www/html/impact-eschool-erp-main/vendor/laravel/framework/src/Illuminate/Database/Connection.php(663): Illuminate\\Database\\Connection->runQueryCallback()
#11 /var/www/html/impact-eschool-erp-main/vendor/laravel/framework/src/Illuminate/Database/Connection.php(367): Illuminate\\Database\\Connection->run()
#12 /var/www/html/impact-eschool-erp-main/vendor/laravel/framework/src/Illuminate/Database/Schema/MySqlBuilder.php(44): Illuminate\\Database\\Connection->select()
#13 /var/www/html/impact-eschool-erp-main/vendor/laravel/framework/src/Illuminate/Support/Facades/Facade.php(261): Illuminate\\Database\\Schema\\MySqlBuilder->hasTable()
#14 /var/www/html/impact-eschool-erp-main/app/Providers/TranslationServiceProvider.php(25): Illuminate\\Support\\Facades\\Facade::__callStatic()
#15 /var/www/html/impact-eschool-erp-main/vendor/laravel/framework/src/Illuminate/Container/BoundMethod.php(36): App\\Providers\\TranslationServiceProvider->boot()
#16 /var/www/html/impact-eschool-erp-main/vendor/laravel/framework/src/Illuminate/Container/Util.php(40): Illuminate\\Container\\BoundMethod::Illuminate\\Container\\{closure}()
#17 /var/www/html/impact-eschool-erp-main/vendor/laravel/framework/src/Illuminate/Container/BoundMethod.php(93): Illuminate\\Container\\Util::unwrapIfClosure()
#18 /var/www/html/impact-eschool-erp-main/vendor/laravel/framework/src/Illuminate/Container/BoundMethod.php(37): Illuminate\\Container\\BoundMethod::callBoundMethod()
#19 /var/www/html/impact-eschool-erp-main/vendor/laravel/framework/src/Illuminate/Container/Container.php(653): Illuminate\\Container\\BoundMethod::call()
#20 /var/www/html/impact-eschool-erp-main/vendor/laravel/framework/src/Illuminate/Foundation/Application.php(914): Illuminate\\Container\\Container->call()
#21 /var/www/html/impact-eschool-erp-main/vendor/laravel/framework/src/Illuminate/Foundation/Application.php(895): Illuminate\\Foundation\\Application->bootProvider()
#22 [internal function]: Illuminate\\Foundation\\Application->Illuminate\\Foundation\\{closure}()
#23 /var/www/html/impact-eschool-erp-main/vendor/laravel/framework/src/Illuminate/Foundation/Application.php(896): array_walk()
#24 /var/www/html/impact-eschool-erp-main/vendor/laravel/framework/src/Illuminate/Foundation/Bootstrap/BootProviders.php(17): Illuminate\\Foundation\\Application->boot()
#25 /var/www/html/impact-eschool-erp-main/vendor/laravel/framework/src/Illuminate/Foundation/Application.php(237): Illuminate\\Foundation\\Bootstrap\\BootProviders->bootstrap()
#26 /var/www/html/impact-eschool-erp-main/vendor/laravel/framework/src/Illuminate/Foundation/Http/Kernel.php(153): Illuminate\\Foundation\\Application->bootstrapWith()
#27 /var/www/html/impact-eschool-erp-main/vendor/laravel/framework/src/Illuminate/Foundation/Http/Kernel.php(137): Illuminate\\Foundation\\Http\\Kernel->bootstrap()
#28 /var/www/html/impact-eschool-erp-main/vendor/laravel/framework/src/Illuminate/Foundation/Http/Kernel.php(111): Illuminate\\Foundation\\Http\\Kernel->sendRequestThroughRouter()
#29 /var/www/html/impact-eschool-erp-main/index.php(55): Illuminate\\Foundation\\Http\\Kernel->handle()
#30 {main}
"} 
[2022-12-07 05:19:22] production.ERROR: SQLSTATE[HY000] [1045] Access denied for user 'forge'@'localhost' (using password: YES) (SQL: select * from information_schema.tables where table_schema = forge and table_name = sm_languages and table_type = 'BASE TABLE') {"exception":"[object] (Illuminate\\Database\\QueryException(code: 1045): SQLSTATE[HY000] [1045] Access denied for user 'forge'@'localhost' (using password: YES) (SQL: select * from information_schema.tables where table_schema = forge and table_name = sm_languages and table_type = 'BASE TABLE') at /var/www/html/impact-eschool-erp-main/vendor/laravel/framework/src/Illuminate/Database/Connection.php:703)
[stacktrace]
#0 /var/www/html/impact-eschool-erp-main/vendor/laravel/framework/src/Illuminate/Database/Connection.php(663): Illuminate\\Database\\Connection->runQueryCallback()
#1 /var/www/html/impact-eschool-erp-main/vendor/laravel/framework/src/Illuminate/Database/Connection.php(367): Illuminate\\Database\\Connection->run()
#2 /var/www/html/impact-eschool-erp-main/vendor/laravel/framework/src/Illuminate/Database/Schema/MySqlBuilder.php(44): Illuminate\\Database\\Connection->select()
#3 /var/www/html/impact-eschool-erp-main/vendor/laravel/framework/src/Illuminate/Support/Facades/Facade.php(261): Illuminate\\Database\\Schema\\MySqlBuilder->hasTable()
#4 /var/www/html/impact-eschool-erp-main/app/Providers/TranslationServiceProvider.php(25): Illuminate\\Support\\Facades\\Facade::__callStatic()
#5 /var/www/html/impact-eschool-erp-main/vendor/laravel/framework/src/Illuminate/Container/BoundMethod.php(36): App\\Providers\\TranslationServiceProvider->boot()
#6 /var/www/html/impact-eschool-erp-main/vendor/laravel/framework/src/Illuminate/Container/Util.php(40): Illuminate\\Container\\BoundMethod::Illuminate\\Container\\{closure}()
#7 /var/www/html/impact-eschool-erp-main/vendor/laravel/framework/src/Illuminate/Container/BoundMethod.php(93): Illuminate\\Container\\Util::unwrapIfClosure()
#8 /var/www/html/impact-eschool-erp-main/vendor/laravel/framework/src/Illuminate/Container/BoundMethod.php(37): Illuminate\\Container\\BoundMethod::callBoundMethod()
#9 /var/www/html/impact-eschool-erp-main/vendor/laravel/framework/src/Illuminate/Container/Container.php(653): Illuminate\\Container\\BoundMethod::call()
#10 /var/www/html/impact-eschool-erp-main/vendor/laravel/framework/src/Illuminate/Foundation/Application.php(914): Illuminate\\Container\\Container->call()
#11 /var/www/html/impact-eschool-erp-main/vendor/laravel/framework/src/Illuminate/Foundation/Application.php(895): Illuminate\\Foundation\\Application->bootProvider()
#12 [internal function]: Illuminate\\Foundation\\Application->Illuminate\\Foundation\\{closure}()
#13 /var/www/html/impact-eschool-erp-main/vendor/laravel/framework/src/Illuminate/Foundation/Application.php(896): array_walk()
#14 /var/www/html/impact-eschool-erp-main/vendor/laravel/framework/src/Illuminate/Foundation/Bootstrap/BootProviders.php(17): Illuminate\\Foundation\\Application->boot()
#15 /var/www/html/impact-eschool-erp-main/vendor/laravel/framework/src/Illuminate/Foundation/Application.php(237): Illuminate\\Foundation\\Bootstrap\\BootProviders->bootstrap()
#16 /var/www/html/impact-eschool-erp-main/vendor/laravel/framework/src/Illuminate/Foundation/Http/Kernel.php(153): Illuminate\\Foundation\\Application->bootstrapWith()
#17 /var/www/html/impact-eschool-erp-main/vendor/laravel/framework/src/Illuminate/Foundation/Http/Kernel.php(137): Illuminate\\Foundation\\Http\\Kernel->bootstrap()
#18 /var/www/html/impact-eschool-erp-main/vendor/laravel/framework/src/Illuminate/Foundation/Http/Kernel.php(111): Illuminate\\Foundation\\Http\\Kernel->sendRequestThroughRouter()
#19 /var/www/html/impact-eschool-erp-main/index.php(55): Illuminate\\Foundation\\Http\\Kernel->handle()
#20 {main}

[previous exception] [object] (PDOException(code: 1045): SQLSTATE[HY000] [1045] Access denied for user 'forge'@'localhost' (using password: YES) at /var/www/html/impact-eschool-erp-main/vendor/laravel/framework/src/Illuminate/Database/Connectors/Connector.php:70)
[stacktrace]
#0 /var/www/html/impact-eschool-erp-main/vendor/laravel/framework/src/Illuminate/Database/Connectors/Connector.php(70): PDO->__construct()
#1 /var/www/html/impact-eschool-erp-main/vendor/laravel/framework/src/Illuminate/Database/Connectors/Connector.php(46): Illuminate\\Database\\Connectors\\Connector->createPdoConnection()
#2 /var/www/html/impact-eschool-erp-main/vendor/laravel/framework/src/Illuminate/Database/Connectors/MySqlConnector.php(24): Illuminate\\Database\\Connectors\\Connector->createConnection()
#3 /var/www/html/impact-eschool-erp-main/vendor/laravel/framework/src/Illuminate/Database/Connectors/ConnectionFactory.php(184): Illuminate\\Database\\Connectors\\MySqlConnector->connect()
#4 [internal function]: Illuminate\\Database\\Connectors\\ConnectionFactory->Illuminate\\Database\\Connectors\\{closure}()
#5 /var/www/html/impact-eschool-erp-main/vendor/laravel/framework/src/Illuminate/Database/Connection.php(1021): call_user_func()
#6 /var/www/html/impact-eschool-erp-main/vendor/laravel/framework/src/Illuminate/Database/Connection.php(1057): Illuminate\\Database\\Connection->getPdo()
#7 /var/www/html/impact-eschool-erp-main/vendor/laravel/framework/src/Illuminate/Database/Connection.php(433): Illuminate\\Database\\Connection->getReadPdo()
#8 /var/www/html/impact-eschool-erp-main/vendor/laravel/framework/src/Illuminate/Database/Connection.php(359): Illuminate\\Database\\Connection->getPdoForSelect()
#9 /var/www/html/impact-eschool-erp-main/vendor/laravel/framework/src/Illuminate/Database/Connection.php(696): Illuminate\\Database\\Connection->Illuminate\\Database\\{closure}()
#10 /var/www/html/impact-eschool-erp-main/vendor/laravel/framework/src/Illuminate/Database/Connection.php(663): Illuminate\\Database\\Connection->runQueryCallback()
#11 /var/www/html/impact-eschool-erp-main/vendor/laravel/framework/src/Illuminate/Database/Connection.php(367): Illuminate\\Database\\Connection->run()
#12 /var/www/html/impact-eschool-erp-main/vendor/laravel/framework/src/Illuminate/Database/Schema/MySqlBuilder.php(44): Illuminate\\Database\\Connection->select()
#13 /var/www/html/impact-eschool-erp-main/vendor/laravel/framework/src/Illuminate/Support/Facades/Facade.php(261): Illuminate\\Database\\Schema\\MySqlBuilder->hasTable()
#14 /var/www/html/impact-eschool-erp-main/app/Providers/TranslationServiceProvider.php(25): Illuminate\\Support\\Facades\\Facade::__callStatic()
#15 /var/www/html/impact-eschool-erp-main/vendor/laravel/framework/src/Illuminate/Container/BoundMethod.php(36): App\\Providers\\TranslationServiceProvider->boot()
#16 /var/www/html/impact-eschool-erp-main/vendor/laravel/framework/src/Illuminate/Container/Util.php(40): Illuminate\\Container\\BoundMethod::Illuminate\\Container\\{closure}()
#17 /var/www/html/impact-eschool-erp-main/vendor/laravel/framework/src/Illuminate/Container/BoundMethod.php(93): Illuminate\\Container\\Util::unwrapIfClosure()
#18 /var/www/html/impact-eschool-erp-main/vendor/laravel/framework/src/Illuminate/Container/BoundMethod.php(37): Illuminate\\Container\\BoundMethod::callBoundMethod()
#19 /var/www/html/impact-eschool-erp-main/vendor/laravel/framework/src/Illuminate/Container/Container.php(653): Illuminate\\Container\\BoundMethod::call()
#20 /var/www/html/impact-eschool-erp-main/vendor/laravel/framework/src/Illuminate/Foundation/Application.php(914): Illuminate\\Container\\Container->call()
#21 /var/www/html/impact-eschool-erp-main/vendor/laravel/framework/src/Illuminate/Foundation/Application.php(895): Illuminate\\Foundation\\Application->bootProvider()
#22 [internal function]: Illuminate\\Foundation\\Application->Illuminate\\Foundation\\{closure}()
#23 /var/www/html/impact-eschool-erp-main/vendor/laravel/framework/src/Illuminate/Foundation/Application.php(896): array_walk()
#24 /var/www/html/impact-eschool-erp-main/vendor/laravel/framework/src/Illuminate/Foundation/Bootstrap/BootProviders.php(17): Illuminate\\Foundation\\Application->boot()
#25 /var/www/html/impact-eschool-erp-main/vendor/laravel/framework/src/Illuminate/Foundation/Application.php(237): Illuminate\\Foundation\\Bootstrap\\BootProviders->bootstrap()
#26 /var/www/html/impact-eschool-erp-main/vendor/laravel/framework/src/Illuminate/Foundation/Http/Kernel.php(153): Illuminate\\Foundation\\Application->bootstrapWith()
#27 /var/www/html/impact-eschool-erp-main/vendor/laravel/framework/src/Illuminate/Foundation/Http/Kernel.php(137): Illuminate\\Foundation\\Http\\Kernel->bootstrap()
#28 /var/www/html/impact-eschool-erp-main/vendor/laravel/framework/src/Illuminate/Foundation/Http/Kernel.php(111): Illuminate\\Foundation\\Http\\Kernel->sendRequestThroughRouter()
#29 /var/www/html/impact-eschool-erp-main/index.php(55): Illuminate\\Foundation\\Http\\Kernel->handle()
#30 {main}
"} 
