
[2023-02-13 12:35:29] production.INFO: Activation code not found from init  
[2023-02-13 12:35:30] production.INFO: Activation code not found from init  
[2023-02-13 12:35:45] production.INFO: Activation code not found from init  
[2023-02-13 12:36:01] production.INFO: Activation code not found from init  
[2023-02-13 12:36:04] production.INFO: Activation code not found from init  
[2023-02-13 12:37:25] production.INFO: Activation code not found from init  
[2023-02-13 12:38:51] production.INFO: Activation code not found from init  
[2023-02-13 12:39:21] production.INFO: Swift_TransportException: Connection could not be established with host smtp.elasticemail.com :stream_socket_client(): Unable to connect to tcp://smtp.elasticemail.com:25 (Connection timed out) in /var/www/vhosts/impactinstitute.in/dev.impactinstitute.in/vendor/swiftmailer/swiftmailer/lib/classes/Swift/Transport/StreamBuffer.php:261
Stack trace:
#0 [internal function]: Swift_Transport_StreamBuffer->{closure}()
#1 /var/www/vhosts/impactinstitute.in/dev.impactinstitute.in/vendor/swiftmailer/swiftmailer/lib/classes/Swift/Transport/StreamBuffer.php(264): stream_socket_client()
#2 /var/www/vhosts/impactinstitute.in/dev.impactinstitute.in/vendor/swiftmailer/swiftmailer/lib/classes/Swift/Transport/StreamBuffer.php(58): Swift_Transport_StreamBuffer->establishSocketConnection()
#3 /var/www/vhosts/impactinstitute.in/dev.impactinstitute.in/vendor/swiftmailer/swiftmailer/lib/classes/Swift/Transport/AbstractSmtpTransport.php(143): Swift_Transport_StreamBuffer->initialize()
#4 /var/www/vhosts/impactinstitute.in/dev.impactinstitute.in/vendor/swiftmailer/swiftmailer/lib/classes/Swift/Mailer.php(65): Swift_Transport_AbstractSmtpTransport->start()
#5 /var/www/vhosts/impactinstitute.in/dev.impactinstitute.in/vendor/laravel/framework/src/Illuminate/Mail/Mailer.php(521): Swift_Mailer->send()
#6 /var/www/vhosts/impactinstitute.in/dev.impactinstitute.in/vendor/laravel/framework/src/Illuminate/Mail/Mailer.php(288): Illuminate\Mail\Mailer->sendSwiftMessage()
#7 /var/www/vhosts/impactinstitute.in/dev.impactinstitute.in/vendor/laravel/framework/src/Illuminate/Mail/MailManager.php(550): Illuminate\Mail\Mailer->send()
#8 /var/www/vhosts/impactinstitute.in/dev.impactinstitute.in/vendor/laravel/framework/src/Illuminate/Support/Facades/Facade.php(261): Illuminate\Mail\MailManager->__call()
#9 /var/www/vhosts/impactinstitute.in/dev.impactinstitute.in/app/Helpers/Helper.php(667): Illuminate\Support\Facades\Facade::__callStatic()
#10 /var/www/vhosts/impactinstitute.in/dev.impactinstitute.in/app/Http/Controllers/Admin/Hr/SmStaffController.php(320): send_mail()
#11 /var/www/vhosts/impactinstitute.in/dev.impactinstitute.in/vendor/laravel/framework/src/Illuminate/Routing/Controller.php(54): App\Http\Controllers\Admin\Hr\SmStaffController->staffStore()
#12 /var/www/vhosts/impactinstitute.in/dev.impactinstitute.in/vendor/laravel/framework/src/Illuminate/Routing/ControllerDispatcher.php(45): Illuminate\Routing\Controller->callAction()
#13 /var/www/vhosts/impactinstitute.in/dev.impactinstitute.in/vendor/laravel/framework/src/Illuminate/Routing/Route.php(262): Illuminate\Routing\ControllerDispatcher->dispatch()
#14 /var/www/vhosts/impactinstitute.in/dev.impactinstitute.in/vendor/laravel/framework/src/Illuminate/Routing/Route.php(205): Illuminate\Routing\Route->runController()
#15 /var/www/vhosts/impactinstitute.in/dev.impactinstitute.in/vendor/laravel/framework/src/Illuminate/Routing/Router.php(721): Illuminate\Routing\Route->run()
#16 /var/www/vhosts/impactinstitute.in/dev.impactinstitute.in/vendor/laravel/framework/src/Illuminate/Pipeline/Pipeline.php(128): Illuminate\Routing\Router->Illuminate\Routing\{closure}()
#17 /var/www/vhosts/impactinstitute.in/dev.impactinstitute.in/app/Http/Middleware/ProductMiddleware.php(40): Illuminate\Pipeline\Pipeline->Illuminate\Pipeline\{closure}()
#18 /var/www/vhosts/impactinstitute.in/dev.impactinstitute.in/vendor/laravel/framework/src/Illuminate/Pipeline/Pipeline.php(167): App\Http\Middleware\ProductMiddleware->handle()
#19 /var/www/vhosts/impactinstitute.in/dev.impactinstitute.in/app/Http/Middleware/CheckDashboardMiddleware.php(32): Illuminate\Pipeline\Pipeline->Illuminate\Pipeline\{closure}()
#20 /var/www/vhosts/impactinstitute.in/dev.impactinstitute.in/vendor/laravel/framework/src/Illuminate/Pipeline/Pipeline.php(167): App\Http\Middleware\CheckDashboardMiddleware->handle()
#21 /var/www/vhosts/impactinstitute.in/dev.impactinstitute.in/app/Http/Middleware/SubscriptionAccessUrl.php(27): Illuminate\Pipeline\Pipeline->Illuminate\Pipeline\{closure}()
#22 /var/www/vhosts/impactinstitute.in/dev.impactinstitute.in/vendor/laravel/framework/src/Illuminate/Pipeline/Pipeline.php(167): App\Http\Middleware\SubscriptionAccessUrl->handle()
#23 /var/www/vhosts/impactinstitute.in/dev.impactinstitute.in/app/Http/Middleware/XSS.php(30): Illuminate\Pipeline\Pipeline->Illuminate\Pipeline\{closure}()
#24 /var/www/vhosts/impactinstitute.in/dev.impactinstitute.in/vendor/laravel/framework/src/Illuminate/Pipeline/Pipeline.php(167): App\Http\Middleware\XSS->handle()
#25 /var/www/vhosts/impactinstitute.in/dev.impactinstitute.in/app/Http/Middleware/SubdomainMiddleware.php(60): Illuminate\Pipeline\Pipeline->Illuminate\Pipeline\{closure}()
#26 /var/www/vhosts/impactinstitute.in/dev.impactinstitute.in/vendor/laravel/framework/src/Illuminate/Pipeline/Pipeline.php(167): App\Http\Middleware\SubdomainMiddleware->handle()
#27 /var/www/vhosts/impactinstitute.in/dev.impactinstitute.in/vendor/spondonit/service/src/Middleware/ServiceMiddleware.php(40): Illuminate\Pipeline\Pipeline->Illuminate\Pipeline\{closure}()
#28 /var/www/vhosts/impactinstitute.in/dev.impactinstitute.in/vendor/laravel/framework/src/Illuminate/Pipeline/Pipeline.php(167): SpondonIt\Service\Middleware\ServiceMiddleware->handle()
#29 /var/www/vhosts/impactinstitute.in/dev.impactinstitute.in/app/Http/Middleware/Localization.php(30): Illuminate\Pipeline\Pipeline->Illuminate\Pipeline\{closure}()
#30 /var/www/vhosts/impactinstitute.in/dev.impactinstitute.in/vendor/laravel/framework/src/Illuminate/Pipeline/Pipeline.php(167): App\Http\Middleware\Localization->handle()
#31 /var/www/vhosts/impactinstitute.in/dev.impactinstitute.in/app/Http/Middleware/HttpsProtocol.php(32): Illuminate\Pipeline\Pipeline->Illuminate\Pipeline\{closure}()
#32 /var/www/vhosts/impactinstitute.in/dev.impactinstitute.in/vendor/laravel/framework/src/Illuminate/Pipeline/Pipeline.php(167): App\Http\Middleware\HttpsProtocol->handle()
#33 /var/www/vhosts/impactinstitute.in/dev.impactinstitute.in/vendor/laravel/framework/src/Illuminate/Routing/Middleware/SubstituteBindings.php(50): Illuminate\Pipeline\Pipeline->Illuminate\Pipeline\{closure}()
#34 /var/www/vhosts/impactinstitute.in/dev.impactinstitute.in/vendor/laravel/framework/src/Illuminate/Pipeline/Pipeline.php(167): Illuminate\Routing\Middleware\SubstituteBindings->handle()
#35 /var/www/vhosts/impactinstitute.in/dev.impactinstitute.in/vendor/laravel/framework/src/Illuminate/Foundation/Http/Middleware/VerifyCsrfToken.php(78): Illuminate\Pipeline\Pipeline->Illuminate\Pipeline\{closure}()
#36 /var/www/vhosts/impactinstitute.in/dev.impactinstitute.in/vendor/laravel/framework/src/Illuminate/Pipeline/Pipeline.php(167): Illuminate\Foundation\Http\Middleware\VerifyCsrfToken->handle()
#37 /var/www/vhosts/impactinstitute.in/dev.impactinstitute.in/vendor/laravel/framework/src/Illuminate/View/Middleware/ShareErrorsFromSession.php(49): Illuminate\Pipeline\Pipeline->Illuminate\Pipeline\{closure}()
#38 /var/www/vhosts/impactinstitute.in/dev.impactinstitute.in/vendor/laravel/framework/src/Illuminate/Pipeline/Pipeline.php(167): Illuminate\View\Middleware\ShareErrorsFromSession->handle()
#39 /var/www/vhosts/impactinstitute.in/dev.impactinstitute.in/vendor/laravel/framework/src/Illuminate/Session/Middleware/StartSession.php(121): Illuminate\Pipeline\Pipeline->Illuminate\Pipeline\{closure}()
#40 /var/www/vhosts/impactinstitute.in/dev.impactinstitute.in/vendor/laravel/framework/src/Illuminate/Session/Middleware/StartSession.php(64): Illuminate\Session\Middleware\StartSession->handleStatefulRequest()
#41 /var/www/vhosts/impactinstitute.in/dev.impactinstitute.in/vendor/laravel/framework/src/Illuminate/Pipeline/Pipeline.php(167): Illuminate\Session\Middleware\StartSession->handle()
#42 /var/www/vhosts/impactinstitute.in/dev.impactinstitute.in/vendor/laravel/framework/src/Illuminate/Cookie/Middleware/AddQueuedCookiesToResponse.php(37): Illuminate\Pipeline\Pipeline->Illuminate\Pipeline\{closure}()
#43 /var/www/vhosts/impactinstitute.in/dev.impactinstitute.in/vendor/laravel/framework/src/Illuminate/Pipeline/Pipeline.php(167): Illuminate\Cookie\Middleware\AddQueuedCookiesToResponse->handle()
#44 /var/www/vhosts/impactinstitute.in/dev.impactinstitute.in/vendor/laravel/framework/src/Illuminate/Cookie/Middleware/EncryptCookies.php(67): Illuminate\Pipeline\Pipeline->Illuminate\Pipeline\{closure}()
#45 /var/www/vhosts/impactinstitute.in/dev.impactinstitute.in/vendor/laravel/framework/src/Illuminate/Pipeline/Pipeline.php(167): Illuminate\Cookie\Middleware\EncryptCookies->handle()
#46 /var/www/vhosts/impactinstitute.in/dev.impactinstitute.in/vendor/laravel/framework/src/Illuminate/Pipeline/Pipeline.php(103): Illuminate\Pipeline\Pipeline->Illuminate\Pipeline\{closure}()
#47 /var/www/vhosts/impactinstitute.in/dev.impactinstitute.in/vendor/laravel/framework/src/Illuminate/Routing/Router.php(723): Illuminate\Pipeline\Pipeline->then()
#48 /var/www/vhosts/impactinstitute.in/dev.impactinstitute.in/vendor/laravel/framework/src/Illuminate/Routing/Router.php(698): Illuminate\Routing\Router->runRouteWithinStack()
#49 /var/www/vhosts/impactinstitute.in/dev.impactinstitute.in/vendor/laravel/framework/src/Illuminate/Routing/Router.php(662): Illuminate\Routing\Router->runRoute()
#50 /var/www/vhosts/impactinstitute.in/dev.impactinstitute.in/vendor/laravel/framework/src/Illuminate/Routing/Router.php(651): Illuminate\Routing\Router->dispatchToRoute()
#51 /var/www/vhosts/impactinstitute.in/dev.impactinstitute.in/vendor/laravel/framework/src/Illuminate/Foundation/Http/Kernel.php(167): Illuminate\Routing\Router->dispatch()
#52 /var/www/vhosts/impactinstitute.in/dev.impactinstitute.in/vendor/laravel/framework/src/Illuminate/Pipeline/Pipeline.php(128): Illuminate\Foundation\Http\Kernel->Illuminate\Foundation\Http\{closure}()
#53 /var/www/vhosts/impactinstitute.in/dev.impactinstitute.in/vendor/spondonit/school-service/src/Middleware/SchoolService.php(65): Illuminate\Pipeline\Pipeline->Illuminate\Pipeline\{closure}()
#54 /var/www/vhosts/impactinstitute.in/dev.impactinstitute.in/vendor/laravel/framework/src/Illuminate/Pipeline/Pipeline.php(167): SpondonIt\SchoolService\Middleware\SchoolService->handle()
#55 /var/www/vhosts/impactinstitute.in/dev.impactinstitute.in/vendor/barryvdh/laravel-debugbar/src/Middleware/InjectDebugbar.php(59): Illuminate\Pipeline\Pipeline->Illuminate\Pipeline\{closure}()
#56 /var/www/vhosts/impactinstitute.in/dev.impactinstitute.in/vendor/laravel/framework/src/Illuminate/Pipeline/Pipeline.php(167): Barryvdh\Debugbar\Middleware\InjectDebugbar->handle()
#57 /var/www/vhosts/impactinstitute.in/dev.impactinstitute.in/vendor/renatomarinho/laravel-page-speed/src/Middleware/PageSpeed.php(28): Illuminate\Pipeline\Pipeline->Illuminate\Pipeline\{closure}()
#58 /var/www/vhosts/impactinstitute.in/dev.impactinstitute.in/vendor/laravel/framework/src/Illuminate/Pipeline/Pipeline.php(167): RenatoMarinho\LaravelPageSpeed\Middleware\PageSpeed->handle()
#59 /var/www/vhosts/impactinstitute.in/dev.impactinstitute.in/vendor/renatomarinho/laravel-page-speed/src/Middleware/PageSpeed.php(28): Illuminate\Pipeline\Pipeline->Illuminate\Pipeline\{closure}()
#60 /var/www/vhosts/impactinstitute.in/dev.impactinstitute.in/vendor/laravel/framework/src/Illuminate/Pipeline/Pipeline.php(167): RenatoMarinho\LaravelPageSpeed\Middleware\PageSpeed->handle()
#61 /var/www/vhosts/impactinstitute.in/dev.impactinstitute.in/vendor/renatomarinho/laravel-page-speed/src/Middleware/PageSpeed.php(28): Illuminate\Pipeline\Pipeline->Illuminate\Pipeline\{closure}()
#62 /var/www/vhosts/impactinstitute.in/dev.impactinstitute.in/vendor/laravel/framework/src/Illuminate/Pipeline/Pipeline.php(167): RenatoMarinho\LaravelPageSpeed\Middleware\PageSpeed->handle()
#63 /var/www/vhosts/impactinstitute.in/dev.impactinstitute.in/vendor/fideloper/proxy/src/TrustProxies.php(57): Illuminate\Pipeline\Pipeline->Illuminate\Pipeline\{closure}()
#64 /var/www/vhosts/impactinstitute.in/dev.impactinstitute.in/vendor/laravel/framework/src/Illuminate/Pipeline/Pipeline.php(167): Fideloper\Proxy\TrustProxies->handle()
#65 /var/www/vhosts/impactinstitute.in/dev.impactinstitute.in/vendor/laravel/framework/src/Illuminate/Foundation/Http/Middleware/TransformsRequest.php(21): Illuminate\Pipeline\Pipeline->Illuminate\Pipeline\{closure}()
#66 /var/www/vhosts/impactinstitute.in/dev.impactinstitute.in/vendor/laravel/framework/src/Illuminate/Foundation/Http/Middleware/ConvertEmptyStringsToNull.php(31): Illuminate\Foundation\Http\Middleware\TransformsRequest->handle()
#67 /var/www/vhosts/impactinstitute.in/dev.impactinstitute.in/vendor/laravel/framework/src/Illuminate/Pipeline/Pipeline.php(167): Illuminate\Foundation\Http\Middleware\ConvertEmptyStringsToNull->handle()
#68 /var/www/vhosts/impactinstitute.in/dev.impactinstitute.in/vendor/laravel/framework/src/Illuminate/Foundation/Http/Middleware/TransformsRequest.php(21): Illuminate\Pipeline\Pipeline->Illuminate\Pipeline\{closure}()
#69 /var/www/vhosts/impactinstitute.in/dev.impactinstitute.in/vendor/laravel/framework/src/Illuminate/Foundation/Http/Middleware/TrimStrings.php(40): Illuminate\Foundation\Http\Middleware\TransformsRequest->handle()
#70 /var/www/vhosts/impactinstitute.in/dev.impactinstitute.in/vendor/laravel/framework/src/Illuminate/Pipeline/Pipeline.php(167): Illuminate\Foundation\Http\Middleware\TrimStrings->handle()
#71 /var/www/vhosts/impactinstitute.in/dev.impactinstitute.in/vendor/laravel/framework/src/Illuminate/Foundation/Http/Middleware/ValidatePostSize.php(27): Illuminate\Pipeline\Pipeline->Illuminate\Pipeline\{closure}()
#72 /var/www/vhosts/impactinstitute.in/dev.impactinstitute.in/vendor/laravel/framework/src/Illuminate/Pipeline/Pipeline.php(167): Illuminate\Foundation\Http\Middleware\ValidatePostSize->handle()
#73 /var/www/vhosts/impactinstitute.in/dev.impactinstitute.in/vendor/laravel/framework/src/Illuminate/Foundation/Http/Middleware/PreventRequestsDuringMaintenance.php(86): Illuminate\Pipeline\Pipeline->Illuminate\Pipeline\{closure}()
#74 /var/www/vhosts/impactinstitute.in/dev.impactinstitute.in/vendor/laravel/framework/src/Illuminate/Pipeline/Pipeline.php(167): Illuminate\Foundation\Http\Middleware\PreventRequestsDuringMaintenance->handle()
#75 /var/www/vhosts/impactinstitute.in/dev.impactinstitute.in/vendor/laravel/framework/src/Illuminate/Pipeline/Pipeline.php(103): Illuminate\Pipeline\Pipeline->Illuminate\Pipeline\{closure}()
#76 /var/www/vhosts/impactinstitute.in/dev.impactinstitute.in/vendor/laravel/framework/src/Illuminate/Foundation/Http/Kernel.php(142): Illuminate\Pipeline\Pipeline->then()
#77 /var/www/vhosts/impactinstitute.in/dev.impactinstitute.in/vendor/laravel/framework/src/Illuminate/Foundation/Http/Kernel.php(111): Illuminate\Foundation\Http\Kernel->sendRequestThroughRouter()
#78 /var/www/vhosts/impactinstitute.in/dev.impactinstitute.in/index.php(55): Illuminate\Foundation\Http\Kernel->handle()
#79 {main}  
[2023-02-13 12:39:22] production.INFO: Activation code not found from init  
[2023-02-13 12:39:37] production.INFO: Activation code not found from init  
[2023-02-13 12:39:44] production.INFO: Activation code not found from init  
[2023-02-13 12:39:52] production.INFO: Activation code not found from init  
[2023-02-13 12:39:54] production.INFO: Activation code not found from init  
[2023-02-13 12:39:59] production.INFO: Activation code not found from init  
[2023-02-13 12:40:00] production.INFO: Activation code not found from init  
[2023-02-13 12:59:57] production.INFO: Activation code not found from init  
[2023-02-13 13:15:45] production.INFO: Activation code not found from init  
[2023-02-13 13:15:46] production.INFO: Activation code not found from init  
[2023-02-13 13:15:54] production.INFO: Activation code not found from init  
[2023-02-13 16:45:02] production.INFO: Activation code not found from init  
[2023-02-13 16:45:02] production.INFO: Activation code not found from init  
