[2023-02-15 10:02:36] production.ERROR: Attempt to read property "role_id" on null {"exception":"[object] (ErrorException(code: 0): Attempt to read property \"role_id\" on null at /var/www/vhosts/impactinstitute.in/dev.impactinstitute.in/app/Http/Middleware/UserRolePermission.php:22)
[stacktrace]
#0 /var/www/vhosts/impactinstitute.in/dev.impactinstitute.in/app/Http/Middleware/UserRolePermission.php(22): Illuminate\\Foundation\\Bootstrap\\HandleExceptions->handleError()
#1 /var/www/vhosts/impactinstitute.in/dev.impactinstitute.in/vendor/laravel/framework/src/Illuminate/Pipeline/Pipeline.php(167): App\\Http\\Middleware\\UserRolePermission->handle()
#2 /var/www/vhosts/impactinstitute.in/dev.impactinstitute.in/app/Http/Middleware/SubdomainMiddleware.php(60): Illuminate\\Pipeline\\Pipeline->Illuminate\\Pipeline\\{closure}()
#3 /var/www/vhosts/impactinstitute.in/dev.impactinstitute.in/vendor/laravel/framework/src/Illuminate/Pipeline/Pipeline.php(167): App\\Http\\Middleware\\SubdomainMiddleware->handle()
#4 /var/www/vhosts/impactinstitute.in/dev.impactinstitute.in/vendor/spondonit/service/src/Middleware/ServiceMiddleware.php(40): Illuminate\\Pipeline\\Pipeline->Illuminate\\Pipeline\\{closure}()
#5 /var/www/vhosts/impactinstitute.in/dev.impactinstitute.in/vendor/laravel/framework/src/Illuminate/Pipeline/Pipeline.php(167): SpondonIt\\Service\\Middleware\\ServiceMiddleware->handle()
#6 /var/www/vhosts/impactinstitute.in/dev.impactinstitute.in/app/Http/Middleware/Localization.php(30): Illuminate\\Pipeline\\Pipeline->Illuminate\\Pipeline\\{closure}()
#7 /var/www/vhosts/impactinstitute.in/dev.impactinstitute.in/vendor/laravel/framework/src/Illuminate/Pipeline/Pipeline.php(167): App\\Http\\Middleware\\Localization->handle()
#8 /var/www/vhosts/impactinstitute.in/dev.impactinstitute.in/app/Http/Middleware/HttpsProtocol.php(32): Illuminate\\Pipeline\\Pipeline->Illuminate\\Pipeline\\{closure}()
#9 /var/www/vhosts/impactinstitute.in/dev.impactinstitute.in/vendor/laravel/framework/src/Illuminate/Pipeline/Pipeline.php(167): App\\Http\\Middleware\\HttpsProtocol->handle()
#10 /var/www/vhosts/impactinstitute.in/dev.impactinstitute.in/vendor/laravel/framework/src/Illuminate/Routing/Middleware/SubstituteBindings.php(50): Illuminate\\Pipeline\\Pipeline->Illuminate\\Pipeline\\{closure}()
#11 /var/www/vhosts/impactinstitute.in/dev.impactinstitute.in/vendor/laravel/framework/src/Illuminate/Pipeline/Pipeline.php(167): Illuminate\\Routing\\Middleware\\SubstituteBindings->handle()
#12 /var/www/vhosts/impactinstitute.in/dev.impactinstitute.in/vendor/laravel/framework/src/Illuminate/Foundation/Http/Middleware/VerifyCsrfToken.php(78): Illuminate\\Pipeline\\Pipeline->Illuminate\\Pipeline\\{closure}()
#13 /var/www/vhosts/impactinstitute.in/dev.impactinstitute.in/vendor/laravel/framework/src/Illuminate/Pipeline/Pipeline.php(167): Illuminate\\Foundation\\Http\\Middleware\\VerifyCsrfToken->handle()
#14 /var/www/vhosts/impactinstitute.in/dev.impactinstitute.in/vendor/laravel/framework/src/Illuminate/View/Middleware/ShareErrorsFromSession.php(49): Illuminate\\Pipeline\\Pipeline->Illuminate\\Pipeline\\{closure}()
#15 /var/www/vhosts/impactinstitute.in/dev.impactinstitute.in/vendor/laravel/framework/src/Illuminate/Pipeline/Pipeline.php(167): Illuminate\\View\\Middleware\\ShareErrorsFromSession->handle()
#16 /var/www/vhosts/impactinstitute.in/dev.impactinstitute.in/vendor/laravel/framework/src/Illuminate/Session/Middleware/StartSession.php(121): Illuminate\\Pipeline\\Pipeline->Illuminate\\Pipeline\\{closure}()
#17 /var/www/vhosts/impactinstitute.in/dev.impactinstitute.in/vendor/laravel/framework/src/Illuminate/Session/Middleware/StartSession.php(64): Illuminate\\Session\\Middleware\\StartSession->handleStatefulRequest()
#18 /var/www/vhosts/impactinstitute.in/dev.impactinstitute.in/vendor/laravel/framework/src/Illuminate/Pipeline/Pipeline.php(167): Illuminate\\Session\\Middleware\\StartSession->handle()
#19 /var/www/vhosts/impactinstitute.in/dev.impactinstitute.in/vendor/laravel/framework/src/Illuminate/Cookie/Middleware/AddQueuedCookiesToResponse.php(37): Illuminate\\Pipeline\\Pipeline->Illuminate\\Pipeline\\{closure}()
#20 /var/www/vhosts/impactinstitute.in/dev.impactinstitute.in/vendor/laravel/framework/src/Illuminate/Pipeline/Pipeline.php(167): Illuminate\\Cookie\\Middleware\\AddQueuedCookiesToResponse->handle()
#21 /var/www/vhosts/impactinstitute.in/dev.impactinstitute.in/vendor/laravel/framework/src/Illuminate/Cookie/Middleware/EncryptCookies.php(67): Illuminate\\Pipeline\\Pipeline->Illuminate\\Pipeline\\{closure}()
#22 /var/www/vhosts/impactinstitute.in/dev.impactinstitute.in/vendor/laravel/framework/src/Illuminate/Pipeline/Pipeline.php(167): Illuminate\\Cookie\\Middleware\\EncryptCookies->handle()
#23 /var/www/vhosts/impactinstitute.in/dev.impactinstitute.in/vendor/laravel/framework/src/Illuminate/Pipeline/Pipeline.php(103): Illuminate\\Pipeline\\Pipeline->Illuminate\\Pipeline\\{closure}()
#24 /var/www/vhosts/impactinstitute.in/dev.impactinstitute.in/vendor/laravel/framework/src/Illuminate/Routing/Router.php(723): Illuminate\\Pipeline\\Pipeline->then()
#25 /var/www/vhosts/impactinstitute.in/dev.impactinstitute.in/vendor/laravel/framework/src/Illuminate/Routing/Router.php(698): Illuminate\\Routing\\Router->runRouteWithinStack()
#26 /var/www/vhosts/impactinstitute.in/dev.impactinstitute.in/vendor/laravel/framework/src/Illuminate/Routing/Router.php(662): Illuminate\\Routing\\Router->runRoute()
#27 /var/www/vhosts/impactinstitute.in/dev.impactinstitute.in/vendor/laravel/framework/src/Illuminate/Routing/Router.php(651): Illuminate\\Routing\\Router->dispatchToRoute()
#28 /var/www/vhosts/impactinstitute.in/dev.impactinstitute.in/vendor/laravel/framework/src/Illuminate/Foundation/Http/Kernel.php(167): Illuminate\\Routing\\Router->dispatch()
#29 /var/www/vhosts/impactinstitute.in/dev.impactinstitute.in/vendor/laravel/framework/src/Illuminate/Pipeline/Pipeline.php(128): Illuminate\\Foundation\\Http\\Kernel->Illuminate\\Foundation\\Http\\{closure}()
#30 /var/www/vhosts/impactinstitute.in/dev.impactinstitute.in/vendor/spondonit/school-service/src/Middleware/SchoolService.php(65): Illuminate\\Pipeline\\Pipeline->Illuminate\\Pipeline\\{closure}()
#31 /var/www/vhosts/impactinstitute.in/dev.impactinstitute.in/vendor/laravel/framework/src/Illuminate/Pipeline/Pipeline.php(167): SpondonIt\\SchoolService\\Middleware\\SchoolService->handle()
#32 /var/www/vhosts/impactinstitute.in/dev.impactinstitute.in/vendor/barryvdh/laravel-debugbar/src/Middleware/InjectDebugbar.php(59): Illuminate\\Pipeline\\Pipeline->Illuminate\\Pipeline\\{closure}()
#33 /var/www/vhosts/impactinstitute.in/dev.impactinstitute.in/vendor/laravel/framework/src/Illuminate/Pipeline/Pipeline.php(167): Barryvdh\\Debugbar\\Middleware\\InjectDebugbar->handle()
#34 /var/www/vhosts/impactinstitute.in/dev.impactinstitute.in/vendor/renatomarinho/laravel-page-speed/src/Middleware/PageSpeed.php(28): Illuminate\\Pipeline\\Pipeline->Illuminate\\Pipeline\\{closure}()
#35 /var/www/vhosts/impactinstitute.in/dev.impactinstitute.in/vendor/laravel/framework/src/Illuminate/Pipeline/Pipeline.php(167): RenatoMarinho\\LaravelPageSpeed\\Middleware\\PageSpeed->handle()
#36 /var/www/vhosts/impactinstitute.in/dev.impactinstitute.in/vendor/renatomarinho/laravel-page-speed/src/Middleware/PageSpeed.php(28): Illuminate\\Pipeline\\Pipeline->Illuminate\\Pipeline\\{closure}()
#37 /var/www/vhosts/impactinstitute.in/dev.impactinstitute.in/vendor/laravel/framework/src/Illuminate/Pipeline/Pipeline.php(167): RenatoMarinho\\LaravelPageSpeed\\Middleware\\PageSpeed->handle()
#38 /var/www/vhosts/impactinstitute.in/dev.impactinstitute.in/vendor/renatomarinho/laravel-page-speed/src/Middleware/PageSpeed.php(28): Illuminate\\Pipeline\\Pipeline->Illuminate\\Pipeline\\{closure}()
#39 /var/www/vhosts/impactinstitute.in/dev.impactinstitute.in/vendor/laravel/framework/src/Illuminate/Pipeline/Pipeline.php(167): RenatoMarinho\\LaravelPageSpeed\\Middleware\\PageSpeed->handle()
#40 /var/www/vhosts/impactinstitute.in/dev.impactinstitute.in/vendor/fideloper/proxy/src/TrustProxies.php(57): Illuminate\\Pipeline\\Pipeline->Illuminate\\Pipeline\\{closure}()
#41 /var/www/vhosts/impactinstitute.in/dev.impactinstitute.in/vendor/laravel/framework/src/Illuminate/Pipeline/Pipeline.php(167): Fideloper\\Proxy\\TrustProxies->handle()
#42 /var/www/vhosts/impactinstitute.in/dev.impactinstitute.in/vendor/laravel/framework/src/Illuminate/Foundation/Http/Middleware/TransformsRequest.php(21): Illuminate\\Pipeline\\Pipeline->Illuminate\\Pipeline\\{closure}()
#43 /var/www/vhosts/impactinstitute.in/dev.impactinstitute.in/vendor/laravel/framework/src/Illuminate/Foundation/Http/Middleware/ConvertEmptyStringsToNull.php(31): Illuminate\\Foundation\\Http\\Middleware\\TransformsRequest->handle()
#44 /var/www/vhosts/impactinstitute.in/dev.impactinstitute.in/vendor/laravel/framework/src/Illuminate/Pipeline/Pipeline.php(167): Illuminate\\Foundation\\Http\\Middleware\\ConvertEmptyStringsToNull->handle()
#45 /var/www/vhosts/impactinstitute.in/dev.impactinstitute.in/vendor/laravel/framework/src/Illuminate/Foundation/Http/Middleware/TransformsRequest.php(21): Illuminate\\Pipeline\\Pipeline->Illuminate\\Pipeline\\{closure}()
#46 /var/www/vhosts/impactinstitute.in/dev.impactinstitute.in/vendor/laravel/framework/src/Illuminate/Foundation/Http/Middleware/TrimStrings.php(40): Illuminate\\Foundation\\Http\\Middleware\\TransformsRequest->handle()
#47 /var/www/vhosts/impactinstitute.in/dev.impactinstitute.in/vendor/laravel/framework/src/Illuminate/Pipeline/Pipeline.php(167): Illuminate\\Foundation\\Http\\Middleware\\TrimStrings->handle()
#48 /var/www/vhosts/impactinstitute.in/dev.impactinstitute.in/vendor/laravel/framework/src/Illuminate/Foundation/Http/Middleware/ValidatePostSize.php(27): Illuminate\\Pipeline\\Pipeline->Illuminate\\Pipeline\\{closure}()
#49 /var/www/vhosts/impactinstitute.in/dev.impactinstitute.in/vendor/laravel/framework/src/Illuminate/Pipeline/Pipeline.php(167): Illuminate\\Foundation\\Http\\Middleware\\ValidatePostSize->handle()
#50 /var/www/vhosts/impactinstitute.in/dev.impactinstitute.in/vendor/laravel/framework/src/Illuminate/Foundation/Http/Middleware/PreventRequestsDuringMaintenance.php(86): Illuminate\\Pipeline\\Pipeline->Illuminate\\Pipeline\\{closure}()
#51 /var/www/vhosts/impactinstitute.in/dev.impactinstitute.in/vendor/laravel/framework/src/Illuminate/Pipeline/Pipeline.php(167): Illuminate\\Foundation\\Http\\Middleware\\PreventRequestsDuringMaintenance->handle()
#52 /var/www/vhosts/impactinstitute.in/dev.impactinstitute.in/vendor/laravel/framework/src/Illuminate/Pipeline/Pipeline.php(103): Illuminate\\Pipeline\\Pipeline->Illuminate\\Pipeline\\{closure}()
#53 /var/www/vhosts/impactinstitute.in/dev.impactinstitute.in/vendor/laravel/framework/src/Illuminate/Foundation/Http/Kernel.php(142): Illuminate\\Pipeline\\Pipeline->then()
#54 /var/www/vhosts/impactinstitute.in/dev.impactinstitute.in/vendor/laravel/framework/src/Illuminate/Foundation/Http/Kernel.php(111): Illuminate\\Foundation\\Http\\Kernel->sendRequestThroughRouter()
#55 /var/www/vhosts/impactinstitute.in/dev.impactinstitute.in/index.php(55): Illuminate\\Foundation\\Http\\Kernel->handle()
#56 {main}
"} 
[2023-02-15 05:03:40] production.INFO: Activation code not found from init  
[2023-02-15 05:03:41] production.INFO: Activation code not found from init  
[2023-02-15 05:03:48] production.INFO: Activation code not found from init  
[2023-02-15 05:03:53] production.INFO: Activation code not found from init  
[2023-02-15 05:34:00] production.INFO: Activation code not found from init  
[2023-02-15 05:38:24] production.INFO: Activation code not found from init  
[2023-02-15 05:40:28] production.INFO: Activation code not found from init  
[2023-02-15 05:40:28] production.ERROR: Attempt to read property "id" on null {"userId":1,"exception":"[object] (ErrorException(code: 0): Attempt to read property \"id\" on null at /var/www/vhosts/impactinstitute.in/dev.impactinstitute.in/app/Http/Controllers/Admin/Hr/SmStaffController.php:375)
[stacktrace]
#0 /var/www/vhosts/impactinstitute.in/dev.impactinstitute.in/app/Http/Controllers/Admin/Hr/SmStaffController.php(375): Illuminate\\Foundation\\Bootstrap\\HandleExceptions->handleError()
#1 /var/www/vhosts/impactinstitute.in/dev.impactinstitute.in/vendor/laravel/framework/src/Illuminate/Routing/Controller.php(54): App\\Http\\Controllers\\Admin\\Hr\\SmStaffController->editStaff()
#2 /var/www/vhosts/impactinstitute.in/dev.impactinstitute.in/vendor/laravel/framework/src/Illuminate/Routing/ControllerDispatcher.php(45): Illuminate\\Routing\\Controller->callAction()
#3 /var/www/vhosts/impactinstitute.in/dev.impactinstitute.in/vendor/laravel/framework/src/Illuminate/Routing/Route.php(262): Illuminate\\Routing\\ControllerDispatcher->dispatch()
#4 /var/www/vhosts/impactinstitute.in/dev.impactinstitute.in/vendor/laravel/framework/src/Illuminate/Routing/Route.php(205): Illuminate\\Routing\\Route->runController()
#5 /var/www/vhosts/impactinstitute.in/dev.impactinstitute.in/vendor/laravel/framework/src/Illuminate/Routing/Router.php(721): Illuminate\\Routing\\Route->run()
#6 /var/www/vhosts/impactinstitute.in/dev.impactinstitute.in/vendor/laravel/framework/src/Illuminate/Pipeline/Pipeline.php(128): Illuminate\\Routing\\Router->Illuminate\\Routing\\{closure}()
#7 /var/www/vhosts/impactinstitute.in/dev.impactinstitute.in/app/Http/Middleware/ProductMiddleware.php(40): Illuminate\\Pipeline\\Pipeline->Illuminate\\Pipeline\\{closure}()
#8 /var/www/vhosts/impactinstitute.in/dev.impactinstitute.in/vendor/laravel/framework/src/Illuminate/Pipeline/Pipeline.php(167): App\\Http\\Middleware\\ProductMiddleware->handle()
#9 /var/www/vhosts/impactinstitute.in/dev.impactinstitute.in/app/Http/Middleware/CheckDashboardMiddleware.php(32): Illuminate\\Pipeline\\Pipeline->Illuminate\\Pipeline\\{closure}()
#10 /var/www/vhosts/impactinstitute.in/dev.impactinstitute.in/vendor/laravel/framework/src/Illuminate/Pipeline/Pipeline.php(167): App\\Http\\Middleware\\CheckDashboardMiddleware->handle()
#11 /var/www/vhosts/impactinstitute.in/dev.impactinstitute.in/app/Http/Middleware/SubscriptionAccessUrl.php(27): Illuminate\\Pipeline\\Pipeline->Illuminate\\Pipeline\\{closure}()
#12 /var/www/vhosts/impactinstitute.in/dev.impactinstitute.in/vendor/laravel/framework/src/Illuminate/Pipeline/Pipeline.php(167): App\\Http\\Middleware\\SubscriptionAccessUrl->handle()
#13 /var/www/vhosts/impactinstitute.in/dev.impactinstitute.in/app/Http/Middleware/XSS.php(40): Illuminate\\Pipeline\\Pipeline->Illuminate\\Pipeline\\{closure}()
#14 /var/www/vhosts/impactinstitute.in/dev.impactinstitute.in/vendor/laravel/framework/src/Illuminate/Pipeline/Pipeline.php(167): App\\Http\\Middleware\\XSS->handle()
#15 /var/www/vhosts/impactinstitute.in/dev.impactinstitute.in/app/Http/Middleware/SubdomainMiddleware.php(60): Illuminate\\Pipeline\\Pipeline->Illuminate\\Pipeline\\{closure}()
#16 /var/www/vhosts/impactinstitute.in/dev.impactinstitute.in/vendor/laravel/framework/src/Illuminate/Pipeline/Pipeline.php(167): App\\Http\\Middleware\\SubdomainMiddleware->handle()
#17 /var/www/vhosts/impactinstitute.in/dev.impactinstitute.in/vendor/spondonit/service/src/Middleware/ServiceMiddleware.php(40): Illuminate\\Pipeline\\Pipeline->Illuminate\\Pipeline\\{closure}()
#18 /var/www/vhosts/impactinstitute.in/dev.impactinstitute.in/vendor/laravel/framework/src/Illuminate/Pipeline/Pipeline.php(167): SpondonIt\\Service\\Middleware\\ServiceMiddleware->handle()
#19 /var/www/vhosts/impactinstitute.in/dev.impactinstitute.in/app/Http/Middleware/Localization.php(30): Illuminate\\Pipeline\\Pipeline->Illuminate\\Pipeline\\{closure}()
#20 /var/www/vhosts/impactinstitute.in/dev.impactinstitute.in/vendor/laravel/framework/src/Illuminate/Pipeline/Pipeline.php(167): App\\Http\\Middleware\\Localization->handle()
#21 /var/www/vhosts/impactinstitute.in/dev.impactinstitute.in/app/Http/Middleware/HttpsProtocol.php(32): Illuminate\\Pipeline\\Pipeline->Illuminate\\Pipeline\\{closure}()
#22 /var/www/vhosts/impactinstitute.in/dev.impactinstitute.in/vendor/laravel/framework/src/Illuminate/Pipeline/Pipeline.php(167): App\\Http\\Middleware\\HttpsProtocol->handle()
#23 /var/www/vhosts/impactinstitute.in/dev.impactinstitute.in/vendor/laravel/framework/src/Illuminate/Routing/Middleware/SubstituteBindings.php(50): Illuminate\\Pipeline\\Pipeline->Illuminate\\Pipeline\\{closure}()
#24 /var/www/vhosts/impactinstitute.in/dev.impactinstitute.in/vendor/laravel/framework/src/Illuminate/Pipeline/Pipeline.php(167): Illuminate\\Routing\\Middleware\\SubstituteBindings->handle()
#25 /var/www/vhosts/impactinstitute.in/dev.impactinstitute.in/vendor/laravel/framework/src/Illuminate/Foundation/Http/Middleware/VerifyCsrfToken.php(78): Illuminate\\Pipeline\\Pipeline->Illuminate\\Pipeline\\{closure}()
#26 /var/www/vhosts/impactinstitute.in/dev.impactinstitute.in/vendor/laravel/framework/src/Illuminate/Pipeline/Pipeline.php(167): Illuminate\\Foundation\\Http\\Middleware\\VerifyCsrfToken->handle()
#27 /var/www/vhosts/impactinstitute.in/dev.impactinstitute.in/vendor/laravel/framework/src/Illuminate/View/Middleware/ShareErrorsFromSession.php(49): Illuminate\\Pipeline\\Pipeline->Illuminate\\Pipeline\\{closure}()
#28 /var/www/vhosts/impactinstitute.in/dev.impactinstitute.in/vendor/laravel/framework/src/Illuminate/Pipeline/Pipeline.php(167): Illuminate\\View\\Middleware\\ShareErrorsFromSession->handle()
#29 /var/www/vhosts/impactinstitute.in/dev.impactinstitute.in/vendor/laravel/framework/src/Illuminate/Session/Middleware/StartSession.php(121): Illuminate\\Pipeline\\Pipeline->Illuminate\\Pipeline\\{closure}()
#30 /var/www/vhosts/impactinstitute.in/dev.impactinstitute.in/vendor/laravel/framework/src/Illuminate/Session/Middleware/StartSession.php(64): Illuminate\\Session\\Middleware\\StartSession->handleStatefulRequest()
#31 /var/www/vhosts/impactinstitute.in/dev.impactinstitute.in/vendor/laravel/framework/src/Illuminate/Pipeline/Pipeline.php(167): Illuminate\\Session\\Middleware\\StartSession->handle()
#32 /var/www/vhosts/impactinstitute.in/dev.impactinstitute.in/vendor/laravel/framework/src/Illuminate/Cookie/Middleware/AddQueuedCookiesToResponse.php(37): Illuminate\\Pipeline\\Pipeline->Illuminate\\Pipeline\\{closure}()
#33 /var/www/vhosts/impactinstitute.in/dev.impactinstitute.in/vendor/laravel/framework/src/Illuminate/Pipeline/Pipeline.php(167): Illuminate\\Cookie\\Middleware\\AddQueuedCookiesToResponse->handle()
#34 /var/www/vhosts/impactinstitute.in/dev.impactinstitute.in/vendor/laravel/framework/src/Illuminate/Cookie/Middleware/EncryptCookies.php(67): Illuminate\\Pipeline\\Pipeline->Illuminate\\Pipeline\\{closure}()
#35 /var/www/vhosts/impactinstitute.in/dev.impactinstitute.in/vendor/laravel/framework/src/Illuminate/Pipeline/Pipeline.php(167): Illuminate\\Cookie\\Middleware\\EncryptCookies->handle()
#36 /var/www/vhosts/impactinstitute.in/dev.impactinstitute.in/vendor/laravel/framework/src/Illuminate/Pipeline/Pipeline.php(103): Illuminate\\Pipeline\\Pipeline->Illuminate\\Pipeline\\{closure}()
#37 /var/www/vhosts/impactinstitute.in/dev.impactinstitute.in/vendor/laravel/framework/src/Illuminate/Routing/Router.php(723): Illuminate\\Pipeline\\Pipeline->then()
#38 /var/www/vhosts/impactinstitute.in/dev.impactinstitute.in/vendor/laravel/framework/src/Illuminate/Routing/Router.php(698): Illuminate\\Routing\\Router->runRouteWithinStack()
#39 /var/www/vhosts/impactinstitute.in/dev.impactinstitute.in/vendor/laravel/framework/src/Illuminate/Routing/Router.php(662): Illuminate\\Routing\\Router->runRoute()
#40 /var/www/vhosts/impactinstitute.in/dev.impactinstitute.in/vendor/laravel/framework/src/Illuminate/Routing/Router.php(651): Illuminate\\Routing\\Router->dispatchToRoute()
#41 /var/www/vhosts/impactinstitute.in/dev.impactinstitute.in/vendor/laravel/framework/src/Illuminate/Foundation/Http/Kernel.php(167): Illuminate\\Routing\\Router->dispatch()
#42 /var/www/vhosts/impactinstitute.in/dev.impactinstitute.in/vendor/laravel/framework/src/Illuminate/Pipeline/Pipeline.php(128): Illuminate\\Foundation\\Http\\Kernel->Illuminate\\Foundation\\Http\\{closure}()
#43 /var/www/vhosts/impactinstitute.in/dev.impactinstitute.in/vendor/spondonit/school-service/src/Middleware/SchoolService.php(65): Illuminate\\Pipeline\\Pipeline->Illuminate\\Pipeline\\{closure}()
#44 /var/www/vhosts/impactinstitute.in/dev.impactinstitute.in/vendor/laravel/framework/src/Illuminate/Pipeline/Pipeline.php(167): SpondonIt\\SchoolService\\Middleware\\SchoolService->handle()
#45 /var/www/vhosts/impactinstitute.in/dev.impactinstitute.in/vendor/barryvdh/laravel-debugbar/src/Middleware/InjectDebugbar.php(59): Illuminate\\Pipeline\\Pipeline->Illuminate\\Pipeline\\{closure}()
#46 /var/www/vhosts/impactinstitute.in/dev.impactinstitute.in/vendor/laravel/framework/src/Illuminate/Pipeline/Pipeline.php(167): Barryvdh\\Debugbar\\Middleware\\InjectDebugbar->handle()
#47 /var/www/vhosts/impactinstitute.in/dev.impactinstitute.in/vendor/renatomarinho/laravel-page-speed/src/Middleware/PageSpeed.php(28): Illuminate\\Pipeline\\Pipeline->Illuminate\\Pipeline\\{closure}()
#48 /var/www/vhosts/impactinstitute.in/dev.impactinstitute.in/vendor/laravel/framework/src/Illuminate/Pipeline/Pipeline.php(167): RenatoMarinho\\LaravelPageSpeed\\Middleware\\PageSpeed->handle()
#49 /var/www/vhosts/impactinstitute.in/dev.impactinstitute.in/vendor/renatomarinho/laravel-page-speed/src/Middleware/PageSpeed.php(28): Illuminate\\Pipeline\\Pipeline->Illuminate\\Pipeline\\{closure}()
#50 /var/www/vhosts/impactinstitute.in/dev.impactinstitute.in/vendor/laravel/framework/src/Illuminate/Pipeline/Pipeline.php(167): RenatoMarinho\\LaravelPageSpeed\\Middleware\\PageSpeed->handle()
#51 /var/www/vhosts/impactinstitute.in/dev.impactinstitute.in/vendor/renatomarinho/laravel-page-speed/src/Middleware/PageSpeed.php(28): Illuminate\\Pipeline\\Pipeline->Illuminate\\Pipeline\\{closure}()
#52 /var/www/vhosts/impactinstitute.in/dev.impactinstitute.in/vendor/laravel/framework/src/Illuminate/Pipeline/Pipeline.php(167): RenatoMarinho\\LaravelPageSpeed\\Middleware\\PageSpeed->handle()
#53 /var/www/vhosts/impactinstitute.in/dev.impactinstitute.in/vendor/fideloper/proxy/src/TrustProxies.php(57): Illuminate\\Pipeline\\Pipeline->Illuminate\\Pipeline\\{closure}()
#54 /var/www/vhosts/impactinstitute.in/dev.impactinstitute.in/vendor/laravel/framework/src/Illuminate/Pipeline/Pipeline.php(167): Fideloper\\Proxy\\TrustProxies->handle()
#55 /var/www/vhosts/impactinstitute.in/dev.impactinstitute.in/vendor/laravel/framework/src/Illuminate/Foundation/Http/Middleware/TransformsRequest.php(21): Illuminate\\Pipeline\\Pipeline->Illuminate\\Pipeline\\{closure}()
#56 /var/www/vhosts/impactinstitute.in/dev.impactinstitute.in/vendor/laravel/framework/src/Illuminate/Foundation/Http/Middleware/ConvertEmptyStringsToNull.php(31): Illuminate\\Foundation\\Http\\Middleware\\TransformsRequest->handle()
#57 /var/www/vhosts/impactinstitute.in/dev.impactinstitute.in/vendor/laravel/framework/src/Illuminate/Pipeline/Pipeline.php(167): Illuminate\\Foundation\\Http\\Middleware\\ConvertEmptyStringsToNull->handle()
#58 /var/www/vhosts/impactinstitute.in/dev.impactinstitute.in/vendor/laravel/framework/src/Illuminate/Foundation/Http/Middleware/TransformsRequest.php(21): Illuminate\\Pipeline\\Pipeline->Illuminate\\Pipeline\\{closure}()
#59 /var/www/vhosts/impactinstitute.in/dev.impactinstitute.in/vendor/laravel/framework/src/Illuminate/Foundation/Http/Middleware/TrimStrings.php(40): Illuminate\\Foundation\\Http\\Middleware\\TransformsRequest->handle()
#60 /var/www/vhosts/impactinstitute.in/dev.impactinstitute.in/vendor/laravel/framework/src/Illuminate/Pipeline/Pipeline.php(167): Illuminate\\Foundation\\Http\\Middleware\\TrimStrings->handle()
#61 /var/www/vhosts/impactinstitute.in/dev.impactinstitute.in/vendor/laravel/framework/src/Illuminate/Foundation/Http/Middleware/ValidatePostSize.php(27): Illuminate\\Pipeline\\Pipeline->Illuminate\\Pipeline\\{closure}()
#62 /var/www/vhosts/impactinstitute.in/dev.impactinstitute.in/vendor/laravel/framework/src/Illuminate/Pipeline/Pipeline.php(167): Illuminate\\Foundation\\Http\\Middleware\\ValidatePostSize->handle()
#63 /var/www/vhosts/impactinstitute.in/dev.impactinstitute.in/vendor/laravel/framework/src/Illuminate/Foundation/Http/Middleware/PreventRequestsDuringMaintenance.php(86): Illuminate\\Pipeline\\Pipeline->Illuminate\\Pipeline\\{closure}()
#64 /var/www/vhosts/impactinstitute.in/dev.impactinstitute.in/vendor/laravel/framework/src/Illuminate/Pipeline/Pipeline.php(167): Illuminate\\Foundation\\Http\\Middleware\\PreventRequestsDuringMaintenance->handle()
#65 /var/www/vhosts/impactinstitute.in/dev.impactinstitute.in/vendor/laravel/framework/src/Illuminate/Pipeline/Pipeline.php(103): Illuminate\\Pipeline\\Pipeline->Illuminate\\Pipeline\\{closure}()
#66 /var/www/vhosts/impactinstitute.in/dev.impactinstitute.in/vendor/laravel/framework/src/Illuminate/Foundation/Http/Kernel.php(142): Illuminate\\Pipeline\\Pipeline->then()
#67 /var/www/vhosts/impactinstitute.in/dev.impactinstitute.in/vendor/laravel/framework/src/Illuminate/Foundation/Http/Kernel.php(111): Illuminate\\Foundation\\Http\\Kernel->sendRequestThroughRouter()
#68 /var/www/vhosts/impactinstitute.in/dev.impactinstitute.in/index.php(55): Illuminate\\Foundation\\Http\\Kernel->handle()
#69 {main}
"} 
[2023-02-15 05:40:33] production.INFO: Activation code not found from init  
[2023-02-15 06:47:27] production.INFO: Activation code not found from init  
[2023-02-15 06:47:28] production.INFO: Activation code not found from init  
[2023-02-15 06:47:36] production.INFO: Activation code not found from init  
[2023-02-15 06:47:52] production.INFO: Activation code not found from init  
[2023-02-15 06:56:28] production.INFO: Activation code not found from init  
[2023-02-15 06:56:29] production.INFO: Activation code not found from init  
[2023-02-15 13:30:51] production.INFO: Activation code not found from init  
[2023-02-15 13:30:52] production.INFO: Activation code not found from init  
[2023-02-15 13:31:10] production.INFO: Activation code not found from init  
[2023-02-15 13:31:13] production.INFO: Activation code not found from init  
[2023-02-15 13:31:29] production.INFO: Activation code not found from init  
[2023-02-15 13:39:26] production.INFO: Activation code not found from init  
[2023-02-15 13:39:37] production.INFO: Activation code not found from init  
[2023-02-15 13:39:38] production.INFO: Activation code not found from init  
[2023-02-15 13:39:47] production.INFO: Activation code not found from init  
[2023-02-15 13:40:58] production.INFO: Activation code not found from init  
[2023-02-15 13:40:59] production.INFO: Activation code not found from init  
[2023-02-15 13:52:05] production.INFO: Activation code not found from init  
[2023-02-15 13:52:08] production.INFO: Activation code not found from init  
[2023-02-15 13:52:25] production.INFO: Activation code not found from init  
